Flow report for Generator
Thu May 04 20:27:45 2017
Quartus II 64-Bit Version 15.0.0 Build 145 04/22/2015 SJ Full Version


---------------------
; Table of Contents ;
---------------------
  1. Legal Notice
  2. Flow Summary
  3. Flow Settings
  4. Flow Non-Default Global Settings
  5. Flow Elapsed Time
  6. Flow OS Summary
  7. Flow Log
  8. Flow Messages
  9. Flow Suppressed Messages



----------------
; Legal Notice ;
----------------
Copyright (C) 1991-2015 Altera Corporation. All rights reserved.
Your use of Altera Corporation's design tools, logic functions 
and other software and tools, and its AMPP partner logic 
functions, and any output files from any of the foregoing 
(including device programming or simulation files), and any 
associated documentation or information are expressly subject 
to the terms and conditions of the Altera Program License 
Subscription Agreement, the Altera Quartus II License Agreement,
the Altera MegaCore Function License Agreement, or other 
applicable license agreement, including, without limitation, 
that your use is for the sole purpose of programming logic 
devices manufactured by Altera and sold by Altera or its 
authorized distributors.  Please refer to the applicable 
agreement for further details.



+----------------------------------------------------------------------------------+
; Flow Summary                                                                     ;
+------------------------------------+---------------------------------------------+
; Flow Status                        ; Successful - Thu May 04 20:27:45 2017       ;
; Quartus II 64-Bit Version          ; 15.0.0 Build 145 04/22/2015 SJ Full Version ;
; Revision Name                      ; Generator                                   ;
; Top-level Entity Name              ; GeneraterTop                                ;
; Family                             ; Cyclone IV E                                ;
; Device                             ; EP4CE10F17C8                                ;
; Timing Models                      ; Final                                       ;
; Total logic elements               ; 2,831 / 10,320 ( 27 % )                     ;
;     Total combinational functions  ; 2,207 / 10,320 ( 21 % )                     ;
;     Dedicated logic registers      ; 1,495 / 10,320 ( 14 % )                     ;
; Total registers                    ; 1495                                        ;
; Total pins                         ; 35 / 180 ( 19 % )                           ;
; Total virtual pins                 ; 0                                           ;
; Total memory bits                  ; 242,688 / 423,936 ( 57 % )                  ;
; Embedded Multiplier 9-bit elements ; 36 / 46 ( 78 % )                            ;
; Total PLLs                         ; 1 / 2 ( 50 % )                              ;
+------------------------------------+---------------------------------------------+


+-----------------------------------------+
; Flow Settings                           ;
+-------------------+---------------------+
; Option            ; Setting             ;
+-------------------+---------------------+
; Start date & time ; 04/15/2017 20:34:50 ;
; Main task         ; Compilation         ;
; Revision Name     ; Generator           ;
+-------------------+---------------------+


+---------------------------------------------------------------------------------------------------------------------------------------------------------------------------------------------------------------------------------------------------------------------------------------------------------------------------------------+
; Flow Non-Default Global Settings                                                                                                                                                                                                                                                                                                      ;
+--------------------------------------+----------------------------------------------------------------------------------------------------------------------------------------------------------------------------------------------------------------------------------------+---------------+--------------+------------------------+
; Assignment Name                      ; Value                                                                                                                                                                                                                                  ; Default Value ; Entity Name  ; Section Id             ;
+--------------------------------------+----------------------------------------------------------------------------------------------------------------------------------------------------------------------------------------------------------------------------------------+---------------+--------------+------------------------+
; COMPILER_SIGNATURE_ID                ; 93383152418210.149225969012736                                                                                                                                                                                                         ; --            ; --           ; --                     ;
; EDA_DESIGN_INSTANCE_NAME             ; i1                                                                                                                                                                                                                                     ; --            ; --           ; TLV5614_CTRL_vlg_tst   ;
; EDA_DESIGN_INSTANCE_NAME             ; i1                                                                                                                                                                                                                                     ; --            ; --           ; GeneraterTop_vlg_tst   ;
; EDA_DESIGN_INSTANCE_NAME             ; i1                                                                                                                                                                                                                                     ; --            ; --           ; FSMC_CTRL_vlg_tst      ;
; EDA_DESIGN_INSTANCE_NAME             ; i1                                                                                                                                                                                                                                     ; --            ; --           ; WaveController_vlg_tst ;
; EDA_NATIVELINK_SIMULATION_TEST_BENCH ; GeneraterTop_vlg_tst                                                                                                                                                                                                                   ; --            ; --           ; eda_simulation         ;
; EDA_NETLIST_WRITER_OUTPUT_DIR        ; C:/Users/XuJing/Desktop/Generator/sim                                                                                                                                                                                                  ; --            ; --           ; eda_simulation         ;
; EDA_OUTPUT_DATA_FORMAT               ; Verilog Hdl                                                                                                                                                                                                                            ; --            ; --           ; eda_simulation         ;
; EDA_SIMULATION_TOOL                  ; ModelSim-Altera (Verilog)                                                                                                                                                                                                              ; <None>        ; --           ; --                     ;
; EDA_TEST_BENCH_ENABLE_STATUS         ; TEST_BENCH_MODE                                                                                                                                                                                                                        ; --            ; --           ; eda_simulation         ;
; EDA_TEST_BENCH_FILE                  ; ../sim/TLV5614_CTRL.vt                                                                                                                                                                                                                 ; --            ; --           ; TLV5614_CTRL_vlg_tst   ;
; EDA_TEST_BENCH_FILE                  ; ../sim/GeneraterTop.vt                                                                                                                                                                                                                 ; --            ; --           ; GeneraterTop_vlg_tst   ;
; EDA_TEST_BENCH_FILE                  ; ../sim/FSMC_CTRL.vt                                                                                                                                                                                                                    ; --            ; --           ; FSMC_CTRL_vlg_tst      ;
; EDA_TEST_BENCH_FILE                  ; ../sim/WaveController.vt                                                                                                                                                                                                               ; --            ; --           ; WaveController_vlg_tst ;
; EDA_TEST_BENCH_MODULE_NAME           ; TLV5614_CTRL_vlg_tst                                                                                                                                                                                                                   ; --            ; --           ; TLV5614_CTRL_vlg_tst   ;
; EDA_TEST_BENCH_MODULE_NAME           ; GeneraterTop_vlg_tst                                                                                                                                                                                                                   ; --            ; --           ; GeneraterTop_vlg_tst   ;
; EDA_TEST_BENCH_MODULE_NAME           ; FSMC_CTRL_vlg_tst                                                                                                                                                                                                                      ; --            ; --           ; FSMC_CTRL_vlg_tst      ;
; EDA_TEST_BENCH_MODULE_NAME           ; WaveController_vlg_tst                                                                                                                                                                                                                 ; --            ; --           ; WaveController_vlg_tst ;
; EDA_TEST_BENCH_NAME                  ; GeneraterTop_vlg_tst                                                                                                                                                                                                                   ; --            ; --           ; eda_simulation         ;
; EDA_TEST_BENCH_NAME                  ; WaveController_vlg_tst                                                                                                                                                                                                                 ; --            ; --           ; eda_simulation         ;
; EDA_TEST_BENCH_NAME                  ; FSMC_CTRL_vlg_tst                                                                                                                                                                                                                      ; --            ; --           ; eda_simulation         ;
; EDA_TEST_BENCH_NAME                  ; TLV5614_CTRL_vlg_tst                                                                                                                                                                                                                   ; --            ; --           ; eda_simulation         ;
; EDA_TIME_SCALE                       ; 1 ns                                                                                                                                                                                                                                   ; --            ; --           ; eda_simulation         ;
; ENABLE_SIGNALTAP                     ; On                                                                                                                                                                                                                                     ; --            ; --           ; --                     ;
; MAX_CORE_JUNCTION_TEMP               ; 85                                                                                                                                                                                                                                     ; --            ; --           ; --                     ;
; MIN_CORE_JUNCTION_TEMP               ; 0                                                                                                                                                                                                                                      ; --            ; --           ; --                     ;
; MISC_FILE                            ; ../core/SINE_ROM_bb.v                                                                                                                                                                                                                  ; --            ; --           ; --                     ;
; MISC_FILE                            ; ../core/TRI_ROM_bb.v                                                                                                                                                                                                                   ; --            ; --           ; --                     ;
; MISC_FILE                            ; ../core/FSMC_RAM_bb.v                                                                                                                                                                                                                  ; --            ; --           ; --                     ;
; MISC_FILE                            ; ../core/PLL_bb.v                                                                                                                                                                                                                       ; --            ; --           ; --                     ;
; MISC_FILE                            ; ../core/PLL.ppf                                                                                                                                                                                                                        ; --            ; --           ; --                     ;
; OUTPUT_IO_TIMING_FAR_END_VMEAS       ; Half Signal Swing                                                                                                                                                                                                                      ; --            ; --           ; --                     ;
; OUTPUT_IO_TIMING_FAR_END_VMEAS       ; Half Signal Swing                                                                                                                                                                                                                      ; --            ; --           ; --                     ;
; OUTPUT_IO_TIMING_NEAR_END_VMEAS      ; Half Vccio                                                                                                                                                                                                                             ; --            ; --           ; --                     ;
; OUTPUT_IO_TIMING_NEAR_END_VMEAS      ; Half Vccio                                                                                                                                                                                                                             ; --            ; --           ; --                     ;
; PARTITION_COLOR                      ; 16764057                                                                                                                                                                                                                               ; --            ; GeneraterTop ; Top                    ;
; PARTITION_FITTER_PRESERVATION_LEVEL  ; PLACEMENT_AND_ROUTING                                                                                                                                                                                                                  ; --            ; GeneraterTop ; Top                    ;
; PARTITION_NETLIST_TYPE               ; SOURCE                                                                                                                                                                                                                                 ; --            ; GeneraterTop ; Top                    ;
; POWER_BOARD_THERMAL_MODEL            ; None (CONSERVATIVE)                                                                                                                                                                                                                    ; --            ; --           ; --                     ;
; POWER_PRESET_COOLING_SOLUTION        ; 23 MM HEAT SINK WITH 200 LFPM AIRFLOW                                                                                                                                                                                                  ; --            ; --           ; --                     ;
; PROJECT_OUTPUT_DIRECTORY             ; output_files                                                                                                                                                                                                                           ; --            ; --           ; --                     ;
; SLD_FILE                             ; db/SignalTag_auto_stripped.stp                                                                                                                                                                                                         ; --            ; --           ; --                     ;
; SLD_NODE_CREATOR_ID                  ; 110                                                                                                                                                                                                                                    ; --            ; --           ; auto_signaltap_0       ;
; SLD_NODE_ENTITY_NAME                 ; sld_signaltap                                                                                                                                                                                                                          ; --            ; --           ; auto_signaltap_0       ;
; SLD_NODE_PARAMETER_ASSIGNMENT        ; SLD_RAM_BLOCK_TYPE=AUTO                                                                                                                                                                                                                ; --            ; --           ; auto_signaltap_0       ;
; SLD_NODE_PARAMETER_ASSIGNMENT        ; SLD_DATA_BITS=65                                                                                                                                                                                                                       ; --            ; --           ; auto_signaltap_0       ;
; SLD_NODE_PARAMETER_ASSIGNMENT        ; SLD_TRIGGER_BITS=65                                                                                                                                                                                                                    ; --            ; --           ; auto_signaltap_0       ;
; SLD_NODE_PARAMETER_ASSIGNMENT        ; SLD_STORAGE_QUALIFIER_BITS=65                                                                                                                                                                                                          ; --            ; --           ; auto_signaltap_0       ;
; SLD_NODE_PARAMETER_ASSIGNMENT        ; SLD_NODE_INFO=805334528                                                                                                                                                                                                                ; --            ; --           ; auto_signaltap_0       ;
; SLD_NODE_PARAMETER_ASSIGNMENT        ; SLD_POWER_UP_TRIGGER=0                                                                                                                                                                                                                 ; --            ; --           ; auto_signaltap_0       ;
; SLD_NODE_PARAMETER_ASSIGNMENT        ; SLD_INVERSION_MASK=0000000000000000000000000000000000000000000000000000000000000000000000000000000000000000000000000000000000000000000000000000000000000000000000000000000000000000000000000000000000000000000000000000000000000000000 ; --            ; --           ; auto_signaltap_0       ;
; SLD_NODE_PARAMETER_ASSIGNMENT        ; SLD_INVERSION_MASK_LENGTH=211                                                                                                                                                                                                          ; --            ; --           ; auto_signaltap_0       ;
; SLD_NODE_PARAMETER_ASSIGNMENT        ; SLD_STORAGE_QUALIFIER_INVERSION_MASK_LENGTH=1                                                                                                                                                                                          ; --            ; --           ; auto_signaltap_0       ;
; SLD_NODE_PARAMETER_ASSIGNMENT        ; SLD_SEGMENT_SIZE=2048                                                                                                                                                                                                                  ; --            ; --           ; auto_signaltap_0       ;
; SLD_NODE_PARAMETER_ASSIGNMENT        ; SLD_ATTRIBUTE_MEM_MODE=OFF                                                                                                                                                                                                             ; --            ; --           ; auto_signaltap_0       ;
; SLD_NODE_PARAMETER_ASSIGNMENT        ; SLD_STATE_FLOW_USE_GENERATED=1                                                                                                                                                                                                         ; --            ; --           ; auto_signaltap_0       ;
; SLD_NODE_PARAMETER_ASSIGNMENT        ; SLD_STATE_BITS=2                                                                                                                                                                                                                       ; --            ; --           ; auto_signaltap_0       ;
; SLD_NODE_PARAMETER_ASSIGNMENT        ; SLD_STATE_FLOW_MGR_ENTITY=sld_reserved_Generator_auto_signaltap_0_flow_mgr_c90c                                                                                                                                                        ; --            ; --           ; auto_signaltap_0       ;
; SLD_NODE_PARAMETER_ASSIGNMENT        ; SLD_BUFFER_FULL_STOP=0                                                                                                                                                                                                                 ; --            ; --           ; auto_signaltap_0       ;
; SLD_NODE_PARAMETER_ASSIGNMENT        ; SLD_CURRENT_RESOURCE_WIDTH=0                                                                                                                                                                                                           ; --            ; --           ; auto_signaltap_0       ;
; SLD_NODE_PARAMETER_ASSIGNMENT        ; SLD_STORAGE_QUALIFIER_GAP_RECORD=1                                                                                                                                                                                                     ; --            ; --           ; auto_signaltap_0       ;
; SLD_NODE_PARAMETER_ASSIGNMENT        ; SLD_STORAGE_QUALIFIER_MODE=PORT                                                                                                                                                                                                        ; --            ; --           ; auto_signaltap_0       ;
; SLD_NODE_PARAMETER_ASSIGNMENT        ; SLD_INCREMENTAL_ROUTING=1                                                                                                                                                                                                              ; --            ; --           ; auto_signaltap_0       ;
; SLD_NODE_PARAMETER_ASSIGNMENT        ; SLD_TRIGGER_LEVEL=1                                                                                                                                                                                                                    ; --            ; --           ; auto_signaltap_0       ;
; SLD_NODE_PARAMETER_ASSIGNMENT        ; SLD_SAMPLE_DEPTH=2048                                                                                                                                                                                                                  ; --            ; --           ; auto_signaltap_0       ;
; SLD_NODE_PARAMETER_ASSIGNMENT        ; SLD_TRIGGER_IN_ENABLED=0                                                                                                                                                                                                               ; --            ; --           ; auto_signaltap_0       ;
; SLD_NODE_PARAMETER_ASSIGNMENT        ; SLD_ADVANCED_TRIGGER_ENTITY=basic,1,                                                                                                                                                                                                   ; --            ; --           ; auto_signaltap_0       ;
; SLD_NODE_PARAMETER_ASSIGNMENT        ; SLD_TRIGGER_LEVEL_PIPELINE=1                                                                                                                                                                                                           ; --            ; --           ; auto_signaltap_0       ;
; SLD_NODE_PARAMETER_ASSIGNMENT        ; SLD_ENABLE_ADVANCED_TRIGGER=0                                                                                                                                                                                                          ; --            ; --           ; auto_signaltap_0       ;
; TOP_LEVEL_ENTITY                     ; GeneraterTop                                                                                                                                                                                                                           ; Generator     ; --           ; --                     ;
; USE_SIGNALTAP_FILE                   ; output_files/SignalTag.stp                                                                                                                                                                                                             ; --            ; --           ; --                     ;
+--------------------------------------+----------------------------------------------------------------------------------------------------------------------------------------------------------------------------------------------------------------------------------------+---------------+--------------+------------------------+


+-------------------------------------------------------------------------------------------------------------------------------+
; Flow Elapsed Time                                                                                                             ;
+---------------------------+--------------+-------------------------+---------------------+------------------------------------+
; Module Name               ; Elapsed Time ; Average Processors Used ; Peak Virtual Memory ; Total CPU Time (on all processors) ;
+---------------------------+--------------+-------------------------+---------------------+------------------------------------+
; Analysis & Synthesis      ; 00:00:34     ; 1.0                     ; 799 MB              ; 00:01:04                           ;
; Fitter                    ; 00:00:14     ; 1.2                     ; 1314 MB             ; 00:00:17                           ;
; Assembler                 ; 00:00:02     ; 1.0                     ; 648 MB              ; 00:00:01                           ;
; TimeQuest Timing Analyzer ; 00:00:05     ; 1.0                     ; 758 MB              ; 00:00:04                           ;
; EDA Netlist Writer        ; 00:00:05     ; 1.0                     ; 643 MB              ; 00:00:05                           ;
; Analysis & Synthesis      ; 00:00:40     ; 1.2                     ; 804 MB              ; 00:01:17                           ;
; Partition Merge           ; 00:00:01     ; 1.0                     ; 689 MB              ; 00:00:01                           ;
; Fitter                    ; 00:00:13     ; 1.2                     ; 1315 MB             ; 00:00:15                           ;
; Assembler                 ; 00:00:01     ; 1.0                     ; 643 MB              ; 00:00:01                           ;
; TimeQuest Timing Analyzer ; 00:00:04     ; 1.0                     ; 754 MB              ; 00:00:04                           ;
; EDA Netlist Writer        ; 00:00:05     ; 1.0                     ; 642 MB              ; 00:00:04                           ;
; Analysis & Synthesis      ; 00:00:32     ; 1.3                     ; 777 MB              ; 00:01:06                           ;
; Partition Merge           ; 00:00:01     ; 1.0                     ; 681 MB              ; 00:00:01                           ;
; Fitter                    ; 00:00:10     ; 1.2                     ; 1300 MB             ; 00:00:11                           ;
; Assembler                 ; 00:00:01     ; 1.0                     ; 642 MB              ; 00:00:01                           ;
; TimeQuest Timing Analyzer ; 00:00:03     ; 1.3                     ; 743 MB              ; 00:00:03                           ;
; EDA Netlist Writer        ; 00:00:03     ; 1.0                     ; 628 MB              ; 00:00:03                           ;
; Analysis & Synthesis      ; 00:00:28     ; 1.0                     ; 773 MB              ; 00:01:00                           ;
; Partition Merge           ; 00:00:02     ; 1.0                     ; 701 MB              ; 00:00:01                           ;
; Fitter                    ; 00:00:09     ; 1.0                     ; 1269 MB             ; 00:00:09                           ;
; Assembler                 ; 00:00:01     ; 1.0                     ; 642 MB              ; 00:00:01                           ;
; TimeQuest Timing Analyzer ; 00:00:04     ; 1.0                     ; 743 MB              ; 00:00:03                           ;
; EDA Netlist Writer        ; 00:00:03     ; 1.0                     ; 629 MB              ; 00:00:03                           ;
; Analysis & Synthesis      ; 00:00:28     ; 1.0                     ; 782 MB              ; 00:00:59                           ;
; Partition Merge           ; 00:00:00     ; 1.0                     ; 681 MB              ; 00:00:01                           ;
; Fitter                    ; 00:00:09     ; 1.1                     ; 1287 MB             ; 00:00:11                           ;
; Assembler                 ; 00:00:01     ; 1.0                     ; 640 MB              ; 00:00:01                           ;
; TimeQuest Timing Analyzer ; 00:00:04     ; 1.0                     ; 743 MB              ; 00:00:03                           ;
; EDA Netlist Writer        ; 00:00:03     ; 1.0                     ; 631 MB              ; 00:00:03                           ;
; Analysis & Synthesis      ; 00:00:32     ; 1.0                     ; 794 MB              ; 00:01:03                           ;
; Partition Merge           ; 00:00:01     ; 1.0                     ; 682 MB              ; 00:00:01                           ;
; Fitter                    ; 00:00:10     ; 1.1                     ; 1292 MB             ; 00:00:12                           ;
; Assembler                 ; 00:00:02     ; 1.0                     ; 644 MB              ; 00:00:01                           ;
; TimeQuest Timing Analyzer ; 00:00:04     ; 1.0                     ; 744 MB              ; 00:00:03                           ;
; EDA Netlist Writer        ; 00:00:04     ; 1.0                     ; 629 MB              ; 00:00:03                           ;
; Analysis & Synthesis      ; 00:00:43     ; 1.2                     ; 796 MB              ; 00:01:13                           ;
; Partition Merge           ; 00:00:02     ; 1.0                     ; 682 MB              ; 00:00:01                           ;
; Fitter                    ; 00:00:11     ; 1.0                     ; 1279 MB             ; 00:00:12                           ;
; Assembler                 ; 00:00:01     ; 1.0                     ; 639 MB              ; 00:00:01                           ;
; TimeQuest Timing Analyzer ; 00:00:04     ; 1.0                     ; 752 MB              ; 00:00:04                           ;
; EDA Netlist Writer        ; 00:00:03     ; 1.0                     ; 626 MB              ; 00:00:03                           ;
; Analysis & Synthesis      ; 00:00:38     ; 1.2                     ; 798 MB              ; 00:01:13                           ;
; Partition Merge           ; 00:00:02     ; 1.0                     ; 687 MB              ; 00:00:01                           ;
; Fitter                    ; 00:00:12     ; 1.1                     ; 1301 MB             ; 00:00:15                           ;
; Assembler                 ; 00:00:01     ; 1.0                     ; 646 MB              ; 00:00:01                           ;
; TimeQuest Timing Analyzer ; 00:00:04     ; 1.0                     ; 753 MB              ; 00:00:04                           ;
; EDA Netlist Writer        ; 00:00:04     ; 1.0                     ; 637 MB              ; 00:00:04                           ;
; Analysis & Synthesis      ; 00:00:32     ; 1.0                     ; 817 MB              ; 00:01:04                           ;
; Partition Merge           ; 00:00:01     ; 1.0                     ; 689 MB              ; 00:00:01                           ;
; Fitter                    ; 00:00:13     ; 1.2                     ; 1314 MB             ; 00:00:15                           ;
; Assembler                 ; 00:00:02     ; 1.0                     ; 648 MB              ; 00:00:01                           ;
; TimeQuest Timing Analyzer ; 00:00:04     ; 1.3                     ; 755 MB              ; 00:00:04                           ;
; EDA Netlist Writer        ; 00:00:05     ; 1.0                     ; 643 MB              ; 00:00:04                           ;
; Analysis & Synthesis      ; 00:00:31     ; 1.0                     ; 805 MB              ; 00:01:03                           ;
; Partition Merge           ; 00:00:01     ; 1.0                     ; 690 MB              ; 00:00:01                           ;
; Fitter                    ; 00:00:13     ; 1.2                     ; 1311 MB             ; 00:00:14                           ;
; Assembler                 ; 00:00:02     ; 1.0                     ; 648 MB              ; 00:00:01                           ;
; TimeQuest Timing Analyzer ; 00:00:04     ; 1.3                     ; 755 MB              ; 00:00:04                           ;
; EDA Netlist Writer        ; 00:00:05     ; 1.0                     ; 640 MB              ; 00:00:04                           ;
; Analysis & Synthesis      ; 00:00:26     ; 1.0                     ; 810 MB              ; 00:00:58                           ;
; Partition Merge           ; 00:00:02     ; 1.0                     ; 712 MB              ; 00:00:01                           ;
; Fitter                    ; 00:00:12     ; 1.4                     ; 1317 MB             ; 00:00:13                           ;
; Assembler                 ; 00:00:02     ; 1.0                     ; 643 MB              ; 00:00:01                           ;
; TimeQuest Timing Analyzer ; 00:00:04     ; 1.0                     ; 756 MB              ; 00:00:04                           ;
; EDA Netlist Writer        ; 00:00:05     ; 1.0                     ; 640 MB              ; 00:00:04                           ;
; Analysis & Synthesis      ; 00:00:32     ; 1.0                     ; 805 MB              ; 00:01:07                           ;
; Partition Merge           ; 00:00:01     ; 1.0                     ; 687 MB              ; 00:00:01                           ;
; Fitter                    ; 00:00:13     ; 1.1                     ; 1313 MB             ; 00:00:15                           ;
; Assembler                 ; 00:00:01     ; 1.0                     ; 643 MB              ; 00:00:01                           ;
; TimeQuest Timing Analyzer ; 00:00:04     ; 1.0                     ; 755 MB              ; 00:00:04                           ;
; EDA Netlist Writer        ; 00:00:04     ; 1.0                     ; 641 MB              ; 00:00:04                           ;
; Analysis & Synthesis      ; 00:00:12     ; 1.0                     ; 677 MB              ; 00:00:28                           ;
; Analysis & Synthesis      ; 00:00:12     ; 1.0                     ; 674 MB              ; 00:00:29                           ;
; Analysis & Synthesis      ; 00:00:11     ; 1.0                     ; 674 MB              ; 00:00:26                           ;
; Analysis & Synthesis      ; 00:00:11     ; 1.0                     ; 674 MB              ; 00:00:26                           ;
; Analysis & Synthesis      ; 00:00:31     ; 1.0                     ; 801 MB              ; 00:00:56                           ;
; Partition Merge           ; 00:00:01     ; 1.0                     ; 689 MB              ; 00:00:01                           ;
; Fitter                    ; 00:00:15     ; 1.2                     ; 1326 MB             ; 00:00:15                           ;
; Assembler                 ; 00:00:02     ; 1.0                     ; 652 MB              ; 00:00:01                           ;
; TimeQuest Timing Analyzer ; 00:00:04     ; 1.0                     ; 756 MB              ; 00:00:04                           ;
; EDA Netlist Writer        ; 00:00:04     ; 1.0                     ; 641 MB              ; 00:00:04                           ;
; Analysis & Synthesis      ; 00:00:31     ; 1.2                     ; 790 MB              ; 00:01:04                           ;
; Partition Merge           ; 00:00:01     ; 1.0                     ; 682 MB              ; 00:00:01                           ;
; Fitter                    ; 00:00:08     ; 1.0                     ; 1285 MB             ; 00:00:09                           ;
; Assembler                 ; 00:00:02     ; 1.0                     ; 640 MB              ; 00:00:01                           ;
; TimeQuest Timing Analyzer ; 00:00:03     ; 1.0                     ; 737 MB              ; 00:00:03                           ;
; EDA Netlist Writer        ; 00:00:03     ; 1.0                     ; 626 MB              ; 00:00:03                           ;
; Analysis & Synthesis      ; 00:00:27     ; 1.0                     ; 789 MB              ; 00:00:57                           ;
; Partition Merge           ; 00:00:01     ; 1.0                     ; 682 MB              ; 00:00:01                           ;
; Fitter                    ; 00:00:08     ; 1.1                     ; 1281 MB             ; 00:00:09                           ;
; Assembler                 ; 00:00:02     ; 1.0                     ; 640 MB              ; 00:00:01                           ;
; TimeQuest Timing Analyzer ; 00:00:03     ; 1.0                     ; 741 MB              ; 00:00:03                           ;
; EDA Netlist Writer        ; 00:00:03     ; 1.0                     ; 623 MB              ; 00:00:03                           ;
; EDA Netlist Writer        ; 00:00:01     ; 1.0                     ; 599 MB              ; 00:00:01                           ;
; EDA Netlist Writer        ; 00:00:00     ; 1.0                     ; 599 MB              ; 00:00:01                           ;
; EDA Netlist Writer        ; 00:00:01     ; 1.0                     ; 599 MB              ; 00:00:01                           ;
; Analysis & Synthesis      ; 00:00:40     ; 1.1                     ; 799 MB              ; 00:01:09                           ;
; Partition Merge           ; 00:00:02     ; 1.0                     ; 686 MB              ; 00:00:01                           ;
; Fitter                    ; 00:00:16     ; 1.2                     ; 1310 MB             ; 00:00:17                           ;
; Assembler                 ; 00:00:02     ; 1.0                     ; 651 MB              ; 00:00:02                           ;
; TimeQuest Timing Analyzer ; 00:00:05     ; 1.2                     ; 757 MB              ; 00:00:05                           ;
; EDA Netlist Writer        ; 00:00:05     ; 1.0                     ; 644 MB              ; 00:00:05                           ;
; Analysis & Synthesis      ; 00:00:53     ; 1.0                     ; 806 MB              ; 00:01:47                           ;
; Partition Merge           ; 00:00:02     ; 1.0                     ; 625 MB              ; 00:00:02                           ;
; Fitter                    ; 00:00:21     ; 1.6                     ; 1444 MB             ; 00:00:27                           ;
; Assembler                 ; 00:00:16     ; 1.0                     ; 611 MB              ; 00:00:02                           ;
; TimeQuest Timing Analyzer ; 00:00:06     ; 1.6                     ; 738 MB              ; 00:00:07                           ;
; EDA Netlist Writer        ; 00:00:07     ; 1.0                     ; 609 MB              ; 00:00:07                           ;
; Analysis & Synthesis      ; 00:00:52     ; 1.0                     ; 798 MB              ; 00:01:44                           ;
; Partition Merge           ; 00:00:02     ; 1.0                     ; 626 MB              ; 00:00:02                           ;
; Fitter                    ; 00:00:19     ; 1.5                     ; 1442 MB             ; 00:00:25                           ;
; Assembler                 ; 00:00:02     ; 1.0                     ; 611 MB              ; 00:00:02                           ;
; TimeQuest Timing Analyzer ; 00:00:05     ; 1.0                     ; 734 MB              ; 00:00:06                           ;
; EDA Netlist Writer        ; 00:00:06     ; 1.0                     ; 608 MB              ; 00:00:07                           ;
; Analysis & Synthesis      ; 00:00:50     ; 1.0                     ; 786 MB              ; 00:01:40                           ;
; Partition Merge           ; 00:00:01     ; 1.0                     ; 626 MB              ; 00:00:02                           ;
; Fitter                    ; 00:00:19     ; 1.5                     ; 1444 MB             ; 00:00:26                           ;
; Assembler                 ; 00:00:03     ; 1.0                     ; 612 MB              ; 00:00:02                           ;
; TimeQuest Timing Analyzer ; 00:00:05     ; 1.0                     ; 730 MB              ; 00:00:06                           ;
; EDA Netlist Writer        ; 00:00:07     ; 1.0                     ; 609 MB              ; 00:00:07                           ;
; Analysis & Synthesis      ; 00:00:52     ; 1.0                     ; 786 MB              ; 00:01:40                           ;
; Partition Merge           ; 00:00:02     ; 1.0                     ; 625 MB              ; 00:00:02                           ;
; Fitter                    ; 00:00:19     ; 1.3                     ; 1447 MB             ; 00:00:25                           ;
; Assembler                 ; 00:00:02     ; 1.0                     ; 612 MB              ; 00:00:02                           ;
; TimeQuest Timing Analyzer ; 00:00:06     ; 1.0                     ; 733 MB              ; 00:00:06                           ;
; EDA Netlist Writer        ; 00:00:06     ; 1.0                     ; 608 MB              ; 00:00:07                           ;
; Analysis & Synthesis      ; 00:01:14     ; 1.0                     ; 796 MB              ; 00:01:47                           ;
; Partition Merge           ; 00:00:02     ; 1.0                     ; 626 MB              ; 00:00:02                           ;
; Fitter                    ; 00:00:20     ; 1.8                     ; 1444 MB             ; 00:00:27                           ;
; Assembler                 ; 00:00:02     ; 1.0                     ; 619 MB              ; 00:00:02                           ;
; TimeQuest Timing Analyzer ; 00:00:05     ; 1.0                     ; 732 MB              ; 00:00:06                           ;
; EDA Netlist Writer        ; 00:00:07     ; 1.0                     ; 609 MB              ; 00:00:07                           ;
; Total                     ; 00:23:23     ; --                      ; --                  ; 00:37:18                           ;
+---------------------------+--------------+-------------------------+---------------------+------------------------------------+


+----------------------------------------------------------------------------------------+
; Flow OS Summary                                                                        ;
+---------------------------+------------------+-----------+------------+----------------+
; Module Name               ; Machine Hostname ; OS Name   ; OS Version ; Processor type ;
+---------------------------+------------------+-----------+------------+----------------+
; Analysis & Synthesis      ; XuJing-ThinkPad  ; Windows 7 ; 6.2        ; x86_64         ;
; Fitter                    ; XuJing-ThinkPad  ; Windows 7 ; 6.2        ; x86_64         ;
; Assembler                 ; XuJing-ThinkPad  ; Windows 7 ; 6.2        ; x86_64         ;
; TimeQuest Timing Analyzer ; XuJing-ThinkPad  ; Windows 7 ; 6.2        ; x86_64         ;
; EDA Netlist Writer        ; XuJing-ThinkPad  ; Windows 7 ; 6.2        ; x86_64         ;
; Analysis & Synthesis      ; XuJing-ThinkPad  ; Windows 7 ; 6.2        ; x86_64         ;
; Partition Merge           ; XuJing-ThinkPad  ; Windows 7 ; 6.2        ; x86_64         ;
; Fitter                    ; XuJing-ThinkPad  ; Windows 7 ; 6.2        ; x86_64         ;
; Assembler                 ; XuJing-ThinkPad  ; Windows 7 ; 6.2        ; x86_64         ;
; TimeQuest Timing Analyzer ; XuJing-ThinkPad  ; Windows 7 ; 6.2        ; x86_64         ;
; EDA Netlist Writer        ; XuJing-ThinkPad  ; Windows 7 ; 6.2        ; x86_64         ;
; Analysis & Synthesis      ; XuJing-ThinkPad  ; Windows 7 ; 6.2        ; x86_64         ;
; Partition Merge           ; XuJing-ThinkPad  ; Windows 7 ; 6.2        ; x86_64         ;
; Fitter                    ; XuJing-ThinkPad  ; Windows 7 ; 6.2        ; x86_64         ;
; Assembler                 ; XuJing-ThinkPad  ; Windows 7 ; 6.2        ; x86_64         ;
; TimeQuest Timing Analyzer ; XuJing-ThinkPad  ; Windows 7 ; 6.2        ; x86_64         ;
; EDA Netlist Writer        ; XuJing-ThinkPad  ; Windows 7 ; 6.2        ; x86_64         ;
; Analysis & Synthesis      ; XuJing-ThinkPad  ; Windows 7 ; 6.2        ; x86_64         ;
; Partition Merge           ; XuJing-ThinkPad  ; Windows 7 ; 6.2        ; x86_64         ;
; Fitter                    ; XuJing-ThinkPad  ; Windows 7 ; 6.2        ; x86_64         ;
; Assembler                 ; XuJing-ThinkPad  ; Windows 7 ; 6.2        ; x86_64         ;
; TimeQuest Timing Analyzer ; XuJing-ThinkPad  ; Windows 7 ; 6.2        ; x86_64         ;
; EDA Netlist Writer        ; XuJing-ThinkPad  ; Windows 7 ; 6.2        ; x86_64         ;
; Analysis & Synthesis      ; XuJing-ThinkPad  ; Windows 7 ; 6.2        ; x86_64         ;
; Partition Merge           ; XuJing-ThinkPad  ; Windows 7 ; 6.2        ; x86_64         ;
; Fitter                    ; XuJing-ThinkPad  ; Windows 7 ; 6.2        ; x86_64         ;
; Assembler                 ; XuJing-ThinkPad  ; Windows 7 ; 6.2        ; x86_64         ;
; TimeQuest Timing Analyzer ; XuJing-ThinkPad  ; Windows 7 ; 6.2        ; x86_64         ;
; EDA Netlist Writer        ; XuJing-ThinkPad  ; Windows 7 ; 6.2        ; x86_64         ;
; Analysis & Synthesis      ; XuJing-ThinkPad  ; Windows 7 ; 6.2        ; x86_64         ;
; Partition Merge           ; XuJing-ThinkPad  ; Windows 7 ; 6.2        ; x86_64         ;
; Fitter                    ; XuJing-ThinkPad  ; Windows 7 ; 6.2        ; x86_64         ;
; Assembler                 ; XuJing-ThinkPad  ; Windows 7 ; 6.2        ; x86_64         ;
; TimeQuest Timing Analyzer ; XuJing-ThinkPad  ; Windows 7 ; 6.2        ; x86_64         ;
; EDA Netlist Writer        ; XuJing-ThinkPad  ; Windows 7 ; 6.2        ; x86_64         ;
; Analysis & Synthesis      ; XuJing-ThinkPad  ; Windows 7 ; 6.2        ; x86_64         ;
; Partition Merge           ; XuJing-ThinkPad  ; Windows 7 ; 6.2        ; x86_64         ;
; Fitter                    ; XuJing-ThinkPad  ; Windows 7 ; 6.2        ; x86_64         ;
; Assembler                 ; XuJing-ThinkPad  ; Windows 7 ; 6.2        ; x86_64         ;
; TimeQuest Timing Analyzer ; XuJing-ThinkPad  ; Windows 7 ; 6.2        ; x86_64         ;
; EDA Netlist Writer        ; XuJing-ThinkPad  ; Windows 7 ; 6.2        ; x86_64         ;
; Analysis & Synthesis      ; XuJing-ThinkPad  ; Windows 7 ; 6.2        ; x86_64         ;
; Partition Merge           ; XuJing-ThinkPad  ; Windows 7 ; 6.2        ; x86_64         ;
; Fitter                    ; XuJing-ThinkPad  ; Windows 7 ; 6.2        ; x86_64         ;
; Assembler                 ; XuJing-ThinkPad  ; Windows 7 ; 6.2        ; x86_64         ;
; TimeQuest Timing Analyzer ; XuJing-ThinkPad  ; Windows 7 ; 6.2        ; x86_64         ;
; EDA Netlist Writer        ; XuJing-ThinkPad  ; Windows 7 ; 6.2        ; x86_64         ;
; Analysis & Synthesis      ; XuJing-ThinkPad  ; Windows 7 ; 6.2        ; x86_64         ;
; Partition Merge           ; XuJing-ThinkPad  ; Windows 7 ; 6.2        ; x86_64         ;
; Fitter                    ; XuJing-ThinkPad  ; Windows 7 ; 6.2        ; x86_64         ;
; Assembler                 ; XuJing-ThinkPad  ; Windows 7 ; 6.2        ; x86_64         ;
; TimeQuest Timing Analyzer ; XuJing-ThinkPad  ; Windows 7 ; 6.2        ; x86_64         ;
; EDA Netlist Writer        ; XuJing-ThinkPad  ; Windows 7 ; 6.2        ; x86_64         ;
; Analysis & Synthesis      ; XuJing-ThinkPad  ; Windows 7 ; 6.2        ; x86_64         ;
; Partition Merge           ; XuJing-ThinkPad  ; Windows 7 ; 6.2        ; x86_64         ;
; Fitter                    ; XuJing-ThinkPad  ; Windows 7 ; 6.2        ; x86_64         ;
; Assembler                 ; XuJing-ThinkPad  ; Windows 7 ; 6.2        ; x86_64         ;
; TimeQuest Timing Analyzer ; XuJing-ThinkPad  ; Windows 7 ; 6.2        ; x86_64         ;
; EDA Netlist Writer        ; XuJing-ThinkPad  ; Windows 7 ; 6.2        ; x86_64         ;
; Analysis & Synthesis      ; XuJing-ThinkPad  ; Windows 7 ; 6.2        ; x86_64         ;
; Partition Merge           ; XuJing-ThinkPad  ; Windows 7 ; 6.2        ; x86_64         ;
; Fitter                    ; XuJing-ThinkPad  ; Windows 7 ; 6.2        ; x86_64         ;
; Assembler                 ; XuJing-ThinkPad  ; Windows 7 ; 6.2        ; x86_64         ;
; TimeQuest Timing Analyzer ; XuJing-ThinkPad  ; Windows 7 ; 6.2        ; x86_64         ;
; EDA Netlist Writer        ; XuJing-ThinkPad  ; Windows 7 ; 6.2        ; x86_64         ;
; Analysis & Synthesis      ; XuJing-ThinkPad  ; Windows 7 ; 6.2        ; x86_64         ;
; Partition Merge           ; XuJing-ThinkPad  ; Windows 7 ; 6.2        ; x86_64         ;
; Fitter                    ; XuJing-ThinkPad  ; Windows 7 ; 6.2        ; x86_64         ;
; Assembler                 ; XuJing-ThinkPad  ; Windows 7 ; 6.2        ; x86_64         ;
; TimeQuest Timing Analyzer ; XuJing-ThinkPad  ; Windows 7 ; 6.2        ; x86_64         ;
; EDA Netlist Writer        ; XuJing-ThinkPad  ; Windows 7 ; 6.2        ; x86_64         ;
; Analysis & Synthesis      ; XuJing-ThinkPad  ; Windows 7 ; 6.2        ; x86_64         ;
; Analysis & Synthesis      ; XuJing-ThinkPad  ; Windows 7 ; 6.2        ; x86_64         ;
; Analysis & Synthesis      ; XuJing-ThinkPad  ; Windows 7 ; 6.2        ; x86_64         ;
; Analysis & Synthesis      ; XuJing-ThinkPad  ; Windows 7 ; 6.2        ; x86_64         ;
; Analysis & Synthesis      ; XuJing-ThinkPad  ; Windows 7 ; 6.2        ; x86_64         ;
; Partition Merge           ; XuJing-ThinkPad  ; Windows 7 ; 6.2        ; x86_64         ;
; Fitter                    ; XuJing-ThinkPad  ; Windows 7 ; 6.2        ; x86_64         ;
; Assembler                 ; XuJing-ThinkPad  ; Windows 7 ; 6.2        ; x86_64         ;
; TimeQuest Timing Analyzer ; XuJing-ThinkPad  ; Windows 7 ; 6.2        ; x86_64         ;
; EDA Netlist Writer        ; XuJing-ThinkPad  ; Windows 7 ; 6.2        ; x86_64         ;
; Analysis & Synthesis      ; XuJing-ThinkPad  ; Windows 7 ; 6.2        ; x86_64         ;
; Partition Merge           ; XuJing-ThinkPad  ; Windows 7 ; 6.2        ; x86_64         ;
; Fitter                    ; XuJing-ThinkPad  ; Windows 7 ; 6.2        ; x86_64         ;
; Assembler                 ; XuJing-ThinkPad  ; Windows 7 ; 6.2        ; x86_64         ;
; TimeQuest Timing Analyzer ; XuJing-ThinkPad  ; Windows 7 ; 6.2        ; x86_64         ;
; EDA Netlist Writer        ; XuJing-ThinkPad  ; Windows 7 ; 6.2        ; x86_64         ;
; Analysis & Synthesis      ; XuJing-ThinkPad  ; Windows 7 ; 6.2        ; x86_64         ;
; Partition Merge           ; XuJing-ThinkPad  ; Windows 7 ; 6.2        ; x86_64         ;
; Fitter                    ; XuJing-ThinkPad  ; Windows 7 ; 6.2        ; x86_64         ;
; Assembler                 ; XuJing-ThinkPad  ; Windows 7 ; 6.2        ; x86_64         ;
; TimeQuest Timing Analyzer ; XuJing-ThinkPad  ; Windows 7 ; 6.2        ; x86_64         ;
; EDA Netlist Writer        ; XuJing-ThinkPad  ; Windows 7 ; 6.2        ; x86_64         ;
; EDA Netlist Writer        ; XuJing-ThinkPad  ; Windows 7 ; 6.2        ; x86_64         ;
; EDA Netlist Writer        ; XuJing-ThinkPad  ; Windows 7 ; 6.2        ; x86_64         ;
; EDA Netlist Writer        ; XuJing-ThinkPad  ; Windows 7 ; 6.2        ; x86_64         ;
; Analysis & Synthesis      ; XuJing-ThinkPad  ; Windows 7 ; 6.2        ; x86_64         ;
; Partition Merge           ; XuJing-ThinkPad  ; Windows 7 ; 6.2        ; x86_64         ;
; Fitter                    ; XuJing-ThinkPad  ; Windows 7 ; 6.2        ; x86_64         ;
; Assembler                 ; XuJing-ThinkPad  ; Windows 7 ; 6.2        ; x86_64         ;
; TimeQuest Timing Analyzer ; XuJing-ThinkPad  ; Windows 7 ; 6.2        ; x86_64         ;
; EDA Netlist Writer        ; XuJing-ThinkPad  ; Windows 7 ; 6.2        ; x86_64         ;
; Analysis & Synthesis      ; USER-20150603FE  ; Windows 7 ; 6.1        ; x86_64         ;
; Partition Merge           ; USER-20150603FE  ; Windows 7 ; 6.1        ; x86_64         ;
; Fitter                    ; USER-20150603FE  ; Windows 7 ; 6.1        ; x86_64         ;
; Assembler                 ; USER-20150603FE  ; Windows 7 ; 6.1        ; x86_64         ;
; TimeQuest Timing Analyzer ; USER-20150603FE  ; Windows 7 ; 6.1        ; x86_64         ;
; EDA Netlist Writer        ; USER-20150603FE  ; Windows 7 ; 6.1        ; x86_64         ;
; Analysis & Synthesis      ; USER-20150603FE  ; Windows 7 ; 6.1        ; x86_64         ;
; Partition Merge           ; USER-20150603FE  ; Windows 7 ; 6.1        ; x86_64         ;
; Fitter                    ; USER-20150603FE  ; Windows 7 ; 6.1        ; x86_64         ;
; Assembler                 ; USER-20150603FE  ; Windows 7 ; 6.1        ; x86_64         ;
; TimeQuest Timing Analyzer ; USER-20150603FE  ; Windows 7 ; 6.1        ; x86_64         ;
; EDA Netlist Writer        ; USER-20150603FE  ; Windows 7 ; 6.1        ; x86_64         ;
; Analysis & Synthesis      ; USER-20150603FE  ; Windows 7 ; 6.1        ; x86_64         ;
; Partition Merge           ; USER-20150603FE  ; Windows 7 ; 6.1        ; x86_64         ;
; Fitter                    ; USER-20150603FE  ; Windows 7 ; 6.1        ; x86_64         ;
; Assembler                 ; USER-20150603FE  ; Windows 7 ; 6.1        ; x86_64         ;
; TimeQuest Timing Analyzer ; USER-20150603FE  ; Windows 7 ; 6.1        ; x86_64         ;
; EDA Netlist Writer        ; USER-20150603FE  ; Windows 7 ; 6.1        ; x86_64         ;
; Analysis & Synthesis      ; USER-20150603FE  ; Windows 7 ; 6.1        ; x86_64         ;
; Partition Merge           ; USER-20150603FE  ; Windows 7 ; 6.1        ; x86_64         ;
; Fitter                    ; USER-20150603FE  ; Windows 7 ; 6.1        ; x86_64         ;
; Assembler                 ; USER-20150603FE  ; Windows 7 ; 6.1        ; x86_64         ;
; TimeQuest Timing Analyzer ; USER-20150603FE  ; Windows 7 ; 6.1        ; x86_64         ;
; EDA Netlist Writer        ; USER-20150603FE  ; Windows 7 ; 6.1        ; x86_64         ;
; Analysis & Synthesis      ; USER-20150603FE  ; Windows 7 ; 6.1        ; x86_64         ;
; Partition Merge           ; USER-20150603FE  ; Windows 7 ; 6.1        ; x86_64         ;
; Fitter                    ; USER-20150603FE  ; Windows 7 ; 6.1        ; x86_64         ;
; Assembler                 ; USER-20150603FE  ; Windows 7 ; 6.1        ; x86_64         ;
; TimeQuest Timing Analyzer ; USER-20150603FE  ; Windows 7 ; 6.1        ; x86_64         ;
; EDA Netlist Writer        ; USER-20150603FE  ; Windows 7 ; 6.1        ; x86_64         ;
+---------------------------+------------------+-----------+------------+----------------+


------------
; Flow Log ;
------------
quartus_map --read_settings_files=on --write_settings_files=off Generator -c Generator
quartus_fit --read_settings_files=off --write_settings_files=off Generator -c Generator
quartus_asm --read_settings_files=off --write_settings_files=off Generator -c Generator
quartus_sta Generator -c Generator
quartus_eda --read_settings_files=off --write_settings_files=off Generator -c Generator
quartus_map --read_settings_files=on --write_settings_files=off Generator -c Generator
quartus_cdb --read_settings_files=off --write_settings_files=off Generator -c Generator --merge=on
quartus_fit --read_settings_files=off --write_settings_files=off Generator -c Generator
quartus_asm --read_settings_files=off --write_settings_files=off Generator -c Generator
quartus_sta Generator -c Generator
quartus_eda --read_settings_files=off --write_settings_files=off Generator -c Generator
quartus_map --read_settings_files=on --write_settings_files=off Generator -c Generator
quartus_cdb --read_settings_files=off --write_settings_files=off Generator -c Generator --merge=on
quartus_fit --read_settings_files=off --write_settings_files=off Generator -c Generator
quartus_asm --read_settings_files=off --write_settings_files=off Generator -c Generator
quartus_sta Generator -c Generator
quartus_eda --read_settings_files=off --write_settings_files=off Generator -c Generator
quartus_map --read_settings_files=on --write_settings_files=off Generator -c Generator
quartus_cdb --read_settings_files=off --write_settings_files=off Generator -c Generator --merge=on
quartus_fit --read_settings_files=off --write_settings_files=off Generator -c Generator
quartus_asm --read_settings_files=off --write_settings_files=off Generator -c Generator
quartus_sta Generator -c Generator
quartus_eda --read_settings_files=off --write_settings_files=off Generator -c Generator
quartus_map --read_settings_files=on --write_settings_files=off Generator -c Generator
quartus_cdb --read_settings_files=off --write_settings_files=off Generator -c Generator --merge=on
quartus_fit --read_settings_files=off --write_settings_files=off Generator -c Generator
quartus_asm --read_settings_files=off --write_settings_files=off Generator -c Generator
quartus_sta Generator -c Generator
quartus_eda --read_settings_files=off --write_settings_files=off Generator -c Generator
quartus_map --read_settings_files=on --write_settings_files=off Generator -c Generator
quartus_cdb --read_settings_files=off --write_settings_files=off Generator -c Generator --merge=on
quartus_fit --read_settings_files=off --write_settings_files=off Generator -c Generator
quartus_asm --read_settings_files=off --write_settings_files=off Generator -c Generator
quartus_sta Generator -c Generator
quartus_eda --read_settings_files=off --write_settings_files=off Generator -c Generator
quartus_map --read_settings_files=on --write_settings_files=off Generator -c Generator
quartus_cdb --read_settings_files=off --write_settings_files=off Generator -c Generator --merge=on
quartus_fit --read_settings_files=off --write_settings_files=off Generator -c Generator
quartus_asm --read_settings_files=off --write_settings_files=off Generator -c Generator
quartus_sta Generator -c Generator
quartus_eda --read_settings_files=off --write_settings_files=off Generator -c Generator
quartus_map --read_settings_files=on --write_settings_files=off Generator -c Generator
quartus_cdb --read_settings_files=off --write_settings_files=off Generator -c Generator --merge=on
quartus_fit --read_settings_files=off --write_settings_files=off Generator -c Generator
quartus_asm --read_settings_files=off --write_settings_files=off Generator -c Generator
quartus_sta Generator -c Generator
quartus_eda --read_settings_files=off --write_settings_files=off Generator -c Generator
quartus_map --read_settings_files=on --write_settings_files=off Generator -c Generator
quartus_cdb --read_settings_files=off --write_settings_files=off Generator -c Generator --merge=on
quartus_fit --read_settings_files=off --write_settings_files=off Generator -c Generator
quartus_asm --read_settings_files=off --write_settings_files=off Generator -c Generator
quartus_sta Generator -c Generator
quartus_eda --read_settings_files=off --write_settings_files=off Generator -c Generator
quartus_map --read_settings_files=on --write_settings_files=off Generator -c Generator
quartus_cdb --read_settings_files=off --write_settings_files=off Generator -c Generator --merge=on
quartus_fit --read_settings_files=off --write_settings_files=off Generator -c Generator
quartus_asm --read_settings_files=off --write_settings_files=off Generator -c Generator
quartus_sta Generator -c Generator
quartus_eda --read_settings_files=off --write_settings_files=off Generator -c Generator
quartus_map --read_settings_files=on --write_settings_files=off Generator -c Generator
quartus_cdb --read_settings_files=off --write_settings_files=off Generator -c Generator --merge=on
quartus_fit --read_settings_files=off --write_settings_files=off Generator -c Generator
quartus_asm --read_settings_files=off --write_settings_files=off Generator -c Generator
quartus_sta Generator -c Generator
quartus_eda --read_settings_files=off --write_settings_files=off Generator -c Generator
quartus_map --read_settings_files=on --write_settings_files=off Generator -c Generator
quartus_cdb --read_settings_files=off --write_settings_files=off Generator -c Generator --merge=on
quartus_fit --read_settings_files=off --write_settings_files=off Generator -c Generator
quartus_asm --read_settings_files=off --write_settings_files=off Generator -c Generator
quartus_sta Generator -c Generator
quartus_eda --read_settings_files=off --write_settings_files=off Generator -c Generator
quartus_map --read_settings_files=on --write_settings_files=off Generator -c Generator
quartus_map --read_settings_files=on --write_settings_files=off Generator -c Generator
quartus_map --read_settings_files=on --write_settings_files=off Generator -c Generator
quartus_map --read_settings_files=on --write_settings_files=off Generator -c Generator
quartus_map --read_settings_files=on --write_settings_files=off Generator -c Generator
quartus_cdb --read_settings_files=off --write_settings_files=off Generator -c Generator --merge=on
quartus_fit --read_settings_files=off --write_settings_files=off Generator -c Generator
quartus_asm --read_settings_files=off --write_settings_files=off Generator -c Generator
quartus_sta Generator -c Generator
quartus_eda --read_settings_files=off --write_settings_files=off Generator -c Generator
quartus_map --read_settings_files=on --write_settings_files=off Generator -c Generator
quartus_cdb --read_settings_files=off --write_settings_files=off Generator -c Generator --merge=on
quartus_fit --read_settings_files=off --write_settings_files=off Generator -c Generator
quartus_asm --read_settings_files=off --write_settings_files=off Generator -c Generator
quartus_sta Generator -c Generator
quartus_eda --read_settings_files=off --write_settings_files=off Generator -c Generator
quartus_map --read_settings_files=on --write_settings_files=off Generator -c Generator
quartus_cdb --read_settings_files=off --write_settings_files=off Generator -c Generator --merge=on
quartus_fit --read_settings_files=off --write_settings_files=off Generator -c Generator
quartus_asm --read_settings_files=off --write_settings_files=off Generator -c Generator
quartus_sta Generator -c Generator
quartus_eda --read_settings_files=off --write_settings_files=off Generator -c Generator
quartus_eda --read_settings_files=on --write_settings_files=off Generator -c Generator --gen_testbench
quartus_eda --read_settings_files=on --write_settings_files=off Generator -c Generator --gen_testbench
quartus_eda --read_settings_files=on --write_settings_files=off Generator -c Generator --gen_testbench
quartus_map --read_settings_files=on --write_settings_files=off Generator -c Generator
quartus_cdb --read_settings_files=off --write_settings_files=off Generator -c Generator --merge=on
quartus_fit --read_settings_files=off --write_settings_files=off Generator -c Generator
quartus_asm --read_settings_files=off --write_settings_files=off Generator -c Generator
quartus_sta Generator -c Generator
quartus_eda --read_settings_files=off --write_settings_files=off Generator -c Generator
quartus_map --read_settings_files=on --write_settings_files=off Generator -c Generator
quartus_cdb --read_settings_files=off --write_settings_files=off Generator -c Generator --merge=on
quartus_fit --read_settings_files=off --write_settings_files=off Generator -c Generator
quartus_asm --read_settings_files=off --write_settings_files=off Generator -c Generator
quartus_sta Generator -c Generator
quartus_eda --read_settings_files=off --write_settings_files=off Generator -c Generator
quartus_map --read_settings_files=on --write_settings_files=off Generator -c Generator
quartus_cdb --read_settings_files=off --write_settings_files=off Generator -c Generator --merge=on
quartus_fit --read_settings_files=off --write_settings_files=off Generator -c Generator
quartus_asm --read_settings_files=off --write_settings_files=off Generator -c Generator
quartus_sta Generator -c Generator
quartus_eda --read_settings_files=off --write_settings_files=off Generator -c Generator
quartus_map --read_settings_files=on --write_settings_files=off Generator -c Generator
quartus_cdb --read_settings_files=off --write_settings_files=off Generator -c Generator --merge=on
quartus_fit --read_settings_files=off --write_settings_files=off Generator -c Generator
quartus_asm --read_settings_files=off --write_settings_files=off Generator -c Generator
quartus_sta Generator -c Generator
quartus_eda --read_settings_files=off --write_settings_files=off Generator -c Generator
quartus_map --read_settings_files=on --write_settings_files=off Generator -c Generator
quartus_cdb --read_settings_files=off --write_settings_files=off Generator -c Generator --merge=on
quartus_fit --read_settings_files=off --write_settings_files=off Generator -c Generator
quartus_asm --read_settings_files=off --write_settings_files=off Generator -c Generator
quartus_sta Generator -c Generator
quartus_eda --read_settings_files=off --write_settings_files=off Generator -c Generator
quartus_map --read_settings_files=on --write_settings_files=off Generator -c Generator
quartus_cdb --read_settings_files=off --write_settings_files=off Generator -c Generator --merge=on
quartus_fit --read_settings_files=off --write_settings_files=off Generator -c Generator
quartus_asm --read_settings_files=off --write_settings_files=off Generator -c Generator
quartus_sta Generator -c Generator
quartus_eda --read_settings_files=off --write_settings_files=off Generator -c Generator



